API listening on http://localhost:5001
[0mGET /api/health [32m200[0m 1.602 ms - 11[0m
[0mGET /api/dashboard/kpis [32m200[0m 1463.275 ms - 157[0m
[0mGET /api/products [32m200[0m 1172.340 ms - 1295[0m
[0mGET /api/dashboard/kpis [0m-[0m - ms - -[0m
[0mGET /api/dashboard/series [0m-[0m - ms - -[0m
[0mGET /api/dashboard/kpis [32m200[0m 336.781 ms - 157[0m
[0mGET /api/dashboard/series [32m200[0m 412.113 ms - 3597[0m
[0mGET /api/products [32m200[0m 98.579 ms - 1295[0m
[0mGET /api/products?isActive=true [32m200[0m 109.478 ms - 1295[0m
[0mGET /api/inventory/stock [32m200[0m 113.758 ms - 1419[0m
[0mGET /api/inventory/batches [32m200[0m 237.629 ms - 3308[0m
[0mGET /api/products?isActive=true [36m304[0m 91.834 ms - -[0m
[0mGET /api/inventory/stock [32m200[0m 93.905 ms - 1419[0m
[0mGET /api/orders [32m200[0m 96.670 ms - 7595[0m
[0mGET /api/products?isActive=true [36m304[0m 98.183 ms - -[0m
[0mGET /api/inventory/stock [32m200[0m 94.991 ms - 1419[0m
[0mGET /api/milk [32m200[0m 111.899 ms - 2[0m
[0mGET /api/milk/stats [32m200[0m 115.935 ms - 2[0m
[0mGET /api/orders [36m304[0m 100.505 ms - -[0m
[0mGET /api/orders [36m304[0m 102.330 ms - -[0m
[0mGET /api/products?isActive=true [36m304[0m 101.450 ms - -[0m
[0mGET /api/products?isActive=true [36m304[0m 107.325 ms - -[0m
[0mGET /api/inventory/stock [32m200[0m 106.328 ms - 1419[0m
[0mGET /api/inventory/stock [32m200[0m 102.156 ms - 1419[0m
[0mDELETE /api/orders/68ae202dd2b80a9f981cf75b [32m200[0m 228.546 ms - 27[0m
[0mGET /api/orders [32m200[0m 100.391 ms - 7292[0m
[0mGET /api/inventory/stock [32m200[0m 100.406 ms - 1419[0m
[0mGET /api/products?isActive=true [36m304[0m 105.398 ms - -[0m
[0mDELETE /api/orders/68ae2028d2b80a9f981cf743 [32m200[0m 190.372 ms - 27[0m
[0mGET /api/orders [32m200[0m 95.944 ms - 6989[0m
[0mGET /api/products?isActive=true [36m304[0m 96.864 ms - -[0m
[0mGET /api/inventory/stock [32m200[0m 98.275 ms - 1419[0m
[0mDELETE /api/orders/68ae201dd2b80a9f981cf70d [32m200[0m 210.138 ms - 27[0m
[0mGET /api/orders [32m200[0m 100.310 ms - 6686[0m
[0mGET /api/products?isActive=true [36m304[0m 104.215 ms - -[0m
[0mGET /api/inventory/stock [32m200[0m 103.377 ms - 1419[0m
[0mDELETE /api/orders/68ae201ad2b80a9f981cf701 [32m200[0m 206.362 ms - 27[0m
[0mGET /api/orders [32m200[0m 104.723 ms - 6383[0m
[0mGET /api/inventory/stock [32m200[0m 101.892 ms - 1419[0m
[0mGET /api/products?isActive=true [36m304[0m 104.911 ms - -[0m
[0mGET /api/products?isActive=true [36m304[0m 95.749 ms - -[0m
[0mGET /api/products?isActive=true [36m304[0m 102.275 ms - -[0m
[0mGET /api/inventory/stock [32m200[0m 100.058 ms - 1419[0m
[0mGET /api/inventory/stock [36m304[0m 102.489 ms - -[0m
[0mGET /api/inventory/batches [36m304[0m 189.026 ms - -[0m
[0mGET /api/inventory/batches [36m304[0m 203.435 ms - -[0m
[0mGET /api/products [36m304[0m 94.716 ms - -[0m
[0mGET /api/products [36m304[0m 98.543 ms - -[0m
[0mGET /api/dashboard/kpis [32m200[0m 430.309 ms - 154[0m
[0mGET /api/dashboard/series [32m200[0m 515.176 ms - 3457[0m
[0mGET /api/dashboard/series [32m200[0m 840.430 ms - 3457[0m
[0mGET /api/dashboard/kpis [32m200[0m 847.708 ms - 154[0m
[0mGET /api/products [36m304[0m 107.041 ms - -[0m
[0mGET /api/products [36m304[0m 110.985 ms - -[0m
[0mGET /api/products?isActive=true [36m304[0m 108.821 ms - -[0m
[0mGET /api/inventory/stock [32m200[0m 108.373 ms - 1419[0m
[0mGET /api/products?isActive=true [36m304[0m 113.525 ms - -[0m
[0mGET /api/inventory/stock [32m200[0m 108.755 ms - 1419[0m
[0mGET /api/inventory/batches [36m304[0m 238.115 ms - -[0m
[0mGET /api/inventory/batches [36m304[0m 254.359 ms - -[0m
[0mGET /api/products?isActive=true [36m304[0m 96.164 ms - -[0m
[0mGET /api/orders [36m304[0m 95.614 ms - -[0m
[0mGET /api/orders [36m304[0m 119.165 ms - -[0m
[0mGET /api/products?isActive=true [36m304[0m 117.242 ms - -[0m
[0mGET /api/inventory/stock [32m200[0m 118.927 ms - 1419[0m
[0mGET /api/inventory/stock [32m200[0m 121.501 ms - 1419[0m
[0mGET /api/milk/stats [36m304[0m 125.768 ms - -[0m
[0mGET /api/milk/stats [36m304[0m 124.774 ms - -[0m
[0mGET /api/milk [36m304[0m 126.475 ms - -[0m
[0mGET /api/milk [36m304[0m 131.098 ms - -[0m
[0mGET /api/products [36m304[0m 122.948 ms - -[0m
[0mGET /api/products [36m304[0m 126.621 ms - -[0m
[0mGET /api/dashboard/kpis [36m304[0m 323.550 ms - -[0m
[0mGET /api/dashboard/kpis [36m304[0m 404.623 ms - -[0m
[0mGET /api/dashboard/series [36m304[0m 454.027 ms - -[0m
[0mGET /api/dashboard/series [36m304[0m 989.927 ms - -[0m
[0mGET /api/products [36m304[0m 634.176 ms - -[0m
[0mGET /api/products [36m304[0m 640.428 ms - -[0m
[0mGET /api/inventory/stock [32m200[0m 100.882 ms - 1419[0m
[0mGET /api/products?isActive=true [36m304[0m 153.198 ms - -[0m
[0mGET /api/inventory/batches [36m304[0m 221.736 ms - -[0m
[0mGET /api/inventory/batches [36m304[0m 223.653 ms - -[0m
[0mGET /api/products?isActive=true [36m304[0m 514.296 ms - -[0m
[0mGET /api/inventory/stock [32m200[0m 514.069 ms - 1419[0m
[0mGET /api/products?isActive=true [36m304[0m 72.360 ms - -[0m
[0mGET /api/inventory/stock [32m200[0m 72.886 ms - 1419[0m
[0mGET /api/inventory/stock [32m200[0m 75.564 ms - 1419[0m
[0mGET /api/products?isActive=true [36m304[0m 78.174 ms - -[0m
[0mGET /api/orders [36m304[0m 476.281 ms - -[0m
[0mGET /api/orders [36m304[0m 528.024 ms - -[0m
[0mGET /api/milk [36m304[0m 64.836 ms - -[0m
[0mGET /api/milk [36m304[0m 64.019 ms - -[0m
[0mGET /api/milk/stats [36m304[0m 63.907 ms - -[0m
[0mGET /api/milk/stats [36m304[0m 80.614 ms - -[0m
[0mGET /api/products?isActive=true [36m304[0m 76.531 ms - -[0m
[0mGET /api/products?isActive=true [36m304[0m 92.216 ms - -[0m
[0mGET /api/inventory/stock [32m200[0m 90.528 ms - 1419[0m
[0mGET /api/inventory/stock [32m200[0m 78.856 ms - 1419[0m
[0mGET /api/inventory/batches [36m304[0m 146.215 ms - -[0m
[0mGET /api/inventory/batches [36m304[0m 154.914 ms - -[0m
[0mGET /api/products [36m304[0m 72.400 ms - -[0m
[0mGET /api/products [36m304[0m 71.380 ms - -[0m
